<?xml version="1.0" encoding="UTF-8"?>
<!-- Generated by org.testng.reporters.JUnitReportReporter -->
<testsuite hostname="davila-A3009DD10303" failures="0" tests="1" name="testapp.AppTest" time="111.253" errors="0" timestamp="2024-11-03T08:00:30 WAT" skipped="0">
  <testcase classname="testapp.AppTest" name="testLoginLogout" time="111.253"/>
</testsuite> <!-- testapp.AppTest -->
